2017-05-30 21:16:59.208+0000 WARN [o.n.i.p.PageCache] The dbms.memory.pagecache.size setting has not been configured. It is recommended that this setting is always explicitly configured, to ensure the system has a balanced configuration. Until then, a computed heuristic value of 6681001984 bytes will be used instead. 
2017-05-30 21:16:59.408+0000 INFO [o.n.k.i.f.CommunityEditionModule] No locking implementation specified, defaulting to 'community'
2017-05-30 21:16:59.587+0000 INFO [o.n.k.AvailabilityGuard] Requirement makes database unavailable: Database available
2017-05-30 21:16:59.617+0000 INFO [o.n.k.i.DiagnosticsManager] --- INITIALIZED diagnostics START ---
2017-05-30 21:16:59.617+0000 INFO [o.n.k.i.DiagnosticsManager] Neo4j Kernel properties:
2017-05-30 21:16:59.617+0000 INFO [o.n.k.i.DiagnosticsManager] unsupported.dbms.edition=community
2017-05-30 21:16:59.617+0000 INFO [o.n.k.i.DiagnosticsManager] unsupported.dbms.directories.neo4j_home=/Users/nop/Documents/workspace/historyblockchain/Graph Tue May 30 22:16:54 BST 2017 1496179014443
2017-05-30 21:16:59.617+0000 INFO [o.n.k.i.DiagnosticsManager] unsupported.dbms.ephemeral=false
2017-05-30 21:16:59.617+0000 INFO [o.n.k.i.DiagnosticsManager] Diagnostics providers:
2017-05-30 21:16:59.617+0000 INFO [o.n.k.i.DiagnosticsManager] org.neo4j.kernel.configuration.Config
2017-05-30 21:16:59.617+0000 INFO [o.n.k.i.DiagnosticsManager] org.neo4j.kernel.info.DiagnosticsManager
2017-05-30 21:16:59.617+0000 INFO [o.n.k.i.DiagnosticsManager] SYSTEM_MEMORY
2017-05-30 21:16:59.617+0000 INFO [o.n.k.i.DiagnosticsManager] JAVA_MEMORY
2017-05-30 21:16:59.617+0000 INFO [o.n.k.i.DiagnosticsManager] OPERATING_SYSTEM
2017-05-30 21:16:59.617+0000 INFO [o.n.k.i.DiagnosticsManager] JAVA_VIRTUAL_MACHINE
2017-05-30 21:16:59.617+0000 INFO [o.n.k.i.DiagnosticsManager] CLASSPATH
2017-05-30 21:16:59.617+0000 INFO [o.n.k.i.DiagnosticsManager] LIBRARY_PATH
2017-05-30 21:16:59.618+0000 INFO [o.n.k.i.DiagnosticsManager] SYSTEM_PROPERTIES
2017-05-30 21:16:59.618+0000 INFO [o.n.k.i.DiagnosticsManager] NETWORK
2017-05-30 21:16:59.618+0000 INFO [o.n.k.i.DiagnosticsManager] System memory information:
2017-05-30 21:16:59.620+0000 INFO [o.n.k.i.DiagnosticsManager] Total Physical memory: 16.00 GB
2017-05-30 21:16:59.621+0000 INFO [o.n.k.i.DiagnosticsManager] Free Physical memory: 7.98 GB
2017-05-30 21:16:59.622+0000 INFO [o.n.k.i.DiagnosticsManager] Committed virtual memory: 7.85 GB
2017-05-30 21:16:59.622+0000 INFO [o.n.k.i.DiagnosticsManager] Total swap space: 2.00 GB
2017-05-30 21:16:59.623+0000 INFO [o.n.k.i.DiagnosticsManager] Free swap space: 1.63 GB
2017-05-30 21:16:59.623+0000 INFO [o.n.k.i.DiagnosticsManager] JVM memory information:
2017-05-30 21:16:59.623+0000 INFO [o.n.k.i.DiagnosticsManager] Free  memory: 171.66 MB
2017-05-30 21:16:59.624+0000 INFO [o.n.k.i.DiagnosticsManager] Total memory: 245.50 MB
2017-05-30 21:16:59.624+0000 INFO [o.n.k.i.DiagnosticsManager] Max   memory: 3.56 GB
2017-05-30 21:16:59.632+0000 INFO [o.n.k.i.DiagnosticsManager] Garbage Collector: PS Scavenge: [PS Eden Space, PS Survivor Space]
2017-05-30 21:16:59.632+0000 INFO [o.n.k.i.DiagnosticsManager] Garbage Collector: PS MarkSweep: [PS Eden Space, PS Survivor Space, PS Old Gen]
2017-05-30 21:16:59.635+0000 INFO [o.n.k.i.DiagnosticsManager] Memory Pool: Code Cache (Non-heap memory): committed=4.44 MB, used=4.40 MB, max=240.00 MB, threshold=0.00 B
2017-05-30 21:16:59.635+0000 INFO [o.n.k.i.DiagnosticsManager] Memory Pool: Metaspace (Non-heap memory): committed=12.25 MB, used=11.39 MB, max=-1.00 B, threshold=0.00 B
2017-05-30 21:16:59.635+0000 INFO [o.n.k.i.DiagnosticsManager] Memory Pool: Compressed Class Space (Non-heap memory): committed=1.75 MB, used=1.48 MB, max=1.00 GB, threshold=0.00 B
2017-05-30 21:16:59.636+0000 INFO [o.n.k.i.DiagnosticsManager] Memory Pool: PS Eden Space (Heap memory): committed=64.00 MB, used=36.17 MB, max=1.31 GB, threshold=?
2017-05-30 21:16:59.636+0000 INFO [o.n.k.i.DiagnosticsManager] Memory Pool: PS Survivor Space (Heap memory): committed=10.50 MB, used=10.48 MB, max=10.50 MB, threshold=?
2017-05-30 21:16:59.636+0000 INFO [o.n.k.i.DiagnosticsManager] Memory Pool: PS Old Gen (Heap memory): committed=171.00 MB, used=27.18 MB, max=2.67 GB, threshold=0.00 B
2017-05-30 21:16:59.636+0000 INFO [o.n.k.i.DiagnosticsManager] Operating system information:
2017-05-30 21:16:59.638+0000 INFO [o.n.k.i.DiagnosticsManager] Operating System: Mac OS X; version: 10.12.2; arch: x86_64; cpus: 4
2017-05-30 21:16:59.638+0000 INFO [o.n.k.i.DiagnosticsManager] Max number of file descriptors: 10240
2017-05-30 21:16:59.639+0000 INFO [o.n.k.i.DiagnosticsManager] Number of open file descriptors: 186
2017-05-30 21:16:59.653+0000 INFO [o.n.k.i.DiagnosticsManager] Process id: 17190@Nop
2017-05-30 21:16:59.654+0000 INFO [o.n.k.i.DiagnosticsManager] Byte order: LITTLE_ENDIAN
2017-05-30 21:16:59.654+0000 INFO [o.n.k.i.DiagnosticsManager] Local timezone: Europe/London
2017-05-30 21:16:59.654+0000 INFO [o.n.k.i.DiagnosticsManager] JVM information:
2017-05-30 21:16:59.654+0000 INFO [o.n.k.i.DiagnosticsManager] VM Name: Java HotSpot(TM) 64-Bit Server VM
2017-05-30 21:16:59.654+0000 INFO [o.n.k.i.DiagnosticsManager] VM Vendor: Oracle Corporation
2017-05-30 21:16:59.654+0000 INFO [o.n.k.i.DiagnosticsManager] VM Version: 25.111-b14
2017-05-30 21:16:59.655+0000 INFO [o.n.k.i.DiagnosticsManager] JIT compiler: HotSpot 64-Bit Tiered Compilers
2017-05-30 21:16:59.657+0000 INFO [o.n.k.i.DiagnosticsManager] VM Arguments: [-Dfile.encoding=UTF-8]
2017-05-30 21:16:59.657+0000 INFO [o.n.k.i.DiagnosticsManager] Java classpath:
2017-05-30 21:16:59.659+0000 INFO [o.n.k.i.DiagnosticsManager]  [classpath + loader.0] file:/Users/nop/Documents/workspace/historyblockchain/neo4j-community-3.2.0/lib/jetty-webapp-9.2.9.v20150224.jar
2017-05-30 21:16:59.660+0000 INFO [o.n.k.i.DiagnosticsManager]  [classpath + loader.0] file:/Users/nop/.m2/repository/org/eclipse/rdf4j/rdf4j-sail-api/2.2/rdf4j-sail-api-2.2.jar
2017-05-30 21:16:59.660+0000 INFO [o.n.k.i.DiagnosticsManager]  [classpath + loader.0] file:/Users/nop/.m2/repository/org/slf4j/slf4j-api/1.7.10/slf4j-api-1.7.10.jar
2017-05-30 21:16:59.660+0000 INFO [o.n.k.i.DiagnosticsManager]  [loader.1] file:/Library/Java/JavaVirtualMachines/jdk1.8.0_111.jdk/Contents/Home/jre/lib/ext/localedata.jar
2017-05-30 21:16:59.660+0000 INFO [o.n.k.i.DiagnosticsManager]  [classpath + loader.0] file:/Users/nop/Documents/workspace/historyblockchain/neo4j-community-3.2.0/lib/neo4j-cypher-frontend-3.2-3.2.0.jar
2017-05-30 21:16:59.660+0000 INFO [o.n.k.i.DiagnosticsManager]  [classpath + loader.0] file:/Users/nop/Documents/workspace/historyblockchain/neo4j-community-3.2.0/lib/jersey-server-1.19.jar
2017-05-30 21:16:59.660+0000 INFO [o.n.k.i.DiagnosticsManager]  [classpath + loader.0] file:/Users/nop/.m2/repository/org/eclipse/rdf4j/rdf4j-repository-sparql/2.2/rdf4j-repository-sparql-2.2.jar
2017-05-30 21:16:59.660+0000 INFO [o.n.k.i.DiagnosticsManager]  [classpath + loader.0] file:/Users/nop/.m2/repository/org/eclipse/rdf4j/rdf4j-queryparser-sparql/2.2/rdf4j-queryparser-sparql-2.2.jar
2017-05-30 21:16:59.660+0000 INFO [o.n.k.i.DiagnosticsManager]  [classpath + loader.0] file:/Users/nop/Documents/workspace/historyblockchain/neo4j-community-3.2.0/lib/jackson-core-asl-1.9.13.jar
2017-05-30 21:16:59.660+0000 INFO [o.n.k.i.DiagnosticsManager]  [classpath + loader.0] file:/Users/nop/.m2/repository/org/eclipse/rdf4j/rdf4j-repository-sail/2.2/rdf4j-repository-sail-2.2.jar
2017-05-30 21:16:59.660+0000 INFO [o.n.k.i.DiagnosticsManager]  [classpath + loader.0] file:/Users/nop/.m2/repository/org/slf4j/jcl-over-slf4j/1.7.21/jcl-over-slf4j-1.7.21.jar
2017-05-30 21:16:59.660+0000 INFO [o.n.k.i.DiagnosticsManager]  [classpath + loader.0] file:/Users/nop/Documents/workspace/historyblockchain/neo4j-community-3.2.0/lib/neo4j-bolt-3.2.0.jar
2017-05-30 21:16:59.660+0000 INFO [o.n.k.i.DiagnosticsManager]  [classpath + loader.0] file:/Users/nop/.m2/repository/org/eclipse/rdf4j/rdf4j-queryparser-api/2.2/rdf4j-queryparser-api-2.2.jar
2017-05-30 21:16:59.660+0000 INFO [o.n.k.i.DiagnosticsManager]  [classpath + loader.0] file:/Users/nop/Documents/workspace/historyblockchain/neo4j-community-3.2.0/lib/neo4j-security-3.2.0.jar
2017-05-30 21:16:59.660+0000 INFO [o.n.k.i.DiagnosticsManager]  [classpath + loader.0] file:/Users/nop/Documents/workspace/historyblockchain/neo4j-community-3.2.0/lib/neo4j-udc-3.2.0.jar
2017-05-30 21:16:59.660+0000 INFO [o.n.k.i.DiagnosticsManager]  [classpath + loader.0] file:/Users/nop/.m2/repository/org/eclipse/rdf4j/rdf4j-queryalgebra-model/2.2/rdf4j-queryalgebra-model-2.2.jar
2017-05-30 21:16:59.660+0000 INFO [o.n.k.i.DiagnosticsManager]  [classpath + loader.0] file:/Users/nop/Documents/workspace/historyblockchain/neo4j-community-3.2.0/lib/server-api-3.2.0.jar
2017-05-30 21:16:59.660+0000 INFO [o.n.k.i.DiagnosticsManager]  [classpath + loader.0] file:/Users/nop/Documents/workspace/historyblockchain/neo4j-community-3.2.0/lib/neo4j-server-3.2.0.jar
2017-05-30 21:16:59.660+0000 INFO [o.n.k.i.DiagnosticsManager]  [classpath + loader.0] file:/Users/nop/.m2/repository/org/eclipse/rdf4j/rdf4j-repository-contextaware/2.2/rdf4j-repository-contextaware-2.2.jar
2017-05-30 21:16:59.660+0000 INFO [o.n.k.i.DiagnosticsManager]  [classpath + loader.0] file:/Users/nop/Documents/workspace/historyblockchain/neo4j-community-3.2.0/lib/neo4j-graph-algo-3.2.0.jar
2017-05-30 21:16:59.660+0000 INFO [o.n.k.i.DiagnosticsManager]  [classpath + loader.0] file:/Users/nop/Documents/workspace/historyblockchain/neo4j-community-3.2.0/lib/bcprov-jdk15on-1.53.jar
2017-05-30 21:16:59.660+0000 INFO [o.n.k.i.DiagnosticsManager]  [classpath + loader.0] file:/Users/nop/Documents/workspace/historyblockchain/neo4j-community-3.2.0/lib/jersey-servlet-1.19.jar
2017-05-30 21:16:59.660+0000 INFO [o.n.k.i.DiagnosticsManager]  [classpath + loader.0] file:/Users/nop/Documents/workspace/historyblockchain/neo4j-community-3.2.0/lib/neo4j-cypher-3.2.0.jar
2017-05-30 21:16:59.660+0000 INFO [o.n.k.i.DiagnosticsManager]  [classpath + loader.0] file:/Users/nop/Documents/workspace/historyblockchain/neo4j-community-3.2.0/lib/lucene-analyzers-common-5.5.0.jar
2017-05-30 21:16:59.661+0000 INFO [o.n.k.i.DiagnosticsManager]  [classpath + loader.0] file:/Users/nop/.m2/repository/org/eclipse/rdf4j/rdf4j-repository-dataset/2.2/rdf4j-repository-dataset-2.2.jar
2017-05-30 21:16:59.661+0000 INFO [o.n.k.i.DiagnosticsManager]  [classpath + loader.0] file:/Users/nop/Documents/workspace/historyblockchain/neo4j-community-3.2.0/lib/neo4j-primitive-collections-3.2.0.jar
2017-05-30 21:16:59.661+0000 INFO [o.n.k.i.DiagnosticsManager]  [loader.1] file:/System/Library/Java/Extensions/j3daudio.jar
2017-05-30 21:16:59.661+0000 INFO [o.n.k.i.DiagnosticsManager]  [classpath + loader.0] file:/Users/nop/Documents/workspace/historyblockchain/neo4j-community-3.2.0/lib/jsr311-api-1.1.2.r612.jar
2017-05-30 21:16:59.661+0000 INFO [o.n.k.i.DiagnosticsManager]  [loader.1] file:/System/Library/Java/Extensions/j3dutils.jar
2017-05-30 21:16:59.661+0000 INFO [o.n.k.i.DiagnosticsManager]  [loader.1] file:/System/Library/Java/Extensions/jai_codec.jar
2017-05-30 21:16:59.661+0000 INFO [o.n.k.i.DiagnosticsManager]  [classpath + loader.0] file:/Users/nop/Documents/workspace/historyblockchain/neo4j-community-3.2.0/lib/jetty-xml-9.2.9.v20150224.jar
2017-05-30 21:16:59.661+0000 INFO [o.n.k.i.DiagnosticsManager]  [classpath + loader.0] file:/Users/nop/Documents/workspace/historyblockchain/neo4j-community-3.2.0/lib/neo4j-codegen-3.2.0.jar
2017-05-30 21:16:59.661+0000 INFO [o.n.k.i.DiagnosticsManager]  [classpath + loader.0] file:/Users/nop/.m2/repository/org/eclipse/rdf4j/rdf4j-rio-jsonld/2.2/rdf4j-rio-jsonld-2.2.jar
2017-05-30 21:16:59.661+0000 INFO [o.n.k.i.DiagnosticsManager]  [loader.1] file:/System/Library/Java/Extensions/libmlib_jai.jnilib
2017-05-30 21:16:59.661+0000 INFO [o.n.k.i.DiagnosticsManager]  [classpath + loader.0] file:/Users/nop/.m2/repository/org/apache/httpcomponents/httpclient-osgi/4.5.2/httpclient-osgi-4.5.2.jar
2017-05-30 21:16:59.661+0000 INFO [o.n.k.i.DiagnosticsManager]  [classpath + loader.0] file:/Users/nop/.m2/repository/org/eclipse/rdf4j/rdf4j-http-protocol/2.2/rdf4j-http-protocol-2.2.jar
2017-05-30 21:16:59.661+0000 INFO [o.n.k.i.DiagnosticsManager]  [classpath + loader.0] file:/Users/nop/.m2/repository/org/eclipse/rdf4j/rdf4j-query/2.2/rdf4j-query-2.2.jar
2017-05-30 21:16:59.661+0000 INFO [o.n.k.i.DiagnosticsManager]  [classpath + loader.0] file:/Users/nop/.m2/repository/org/eclipse/rdf4j/rdf4j-rio-api/2.2/rdf4j-rio-api-2.2.jar
2017-05-30 21:16:59.661+0000 INFO [o.n.k.i.DiagnosticsManager]  [loader.1] file:/System/Library/Java/Extensions/jai_core.jar
2017-05-30 21:16:59.661+0000 INFO [o.n.k.i.DiagnosticsManager]  [classpath + loader.0] file:/Users/nop/.m2/repository/org/apache/lucene/lucene-highlighter/5.2.1/lucene-highlighter-5.2.1.jar
2017-05-30 21:16:59.661+0000 INFO [o.n.k.i.DiagnosticsManager]  [classpath + loader.0] file:/Users/nop/Documents/workspace/historyblockchain/neo4j-community-3.2.0/lib/neo4j-collections-3.2.0.jar
2017-05-30 21:16:59.661+0000 INFO [o.n.k.i.DiagnosticsManager]  [classpath + loader.0] file:/Users/nop/.m2/repository/org/eclipse/rdf4j/rdf4j-http-client/2.2/rdf4j-http-client-2.2.jar
2017-05-30 21:16:59.661+0000 INFO [o.n.k.i.DiagnosticsManager]  [classpath + loader.0] file:/Users/nop/Documents/workspace/historyblockchain/neo4j-community-3.2.0/lib/commons-lang-2.6.jar
2017-05-30 21:16:59.661+0000 INFO [o.n.k.i.DiagnosticsManager]  [classpath + loader.0] file:/Users/nop/.m2/repository/org/eclipse/rdf4j/rdf4j-sail-federation/2.2/rdf4j-sail-federation-2.2.jar
2017-05-30 21:16:59.661+0000 INFO [o.n.k.i.DiagnosticsManager]  [classpath + loader.0] file:/Users/nop/.m2/repository/org/apache/httpcomponents/httpclient/4.5.2/httpclient-4.5.2.jar
2017-05-30 21:16:59.661+0000 INFO [o.n.k.i.DiagnosticsManager]  [classpath + loader.0] file:/Users/nop/.m2/repository/com/fasterxml/jackson/core/jackson-core/2.8.2/jackson-core-2.8.2.jar
2017-05-30 21:16:59.661+0000 INFO [o.n.k.i.DiagnosticsManager]  [classpath + loader.0] file:/Users/nop/Documents/workspace/historyblockchain/neo4j-community-3.2.0/lib/neo4j-cypher-compiler-3.1-3.1.4.jar
2017-05-30 21:16:59.661+0000 INFO [o.n.k.i.DiagnosticsManager]  [classpath + loader.0] file:/Users/nop/Documents/workspace/historyblockchain/neo4j-community-3.2.0/lib/neo4j-index-3.2.0.jar
2017-05-30 21:16:59.661+0000 INFO [o.n.k.i.DiagnosticsManager]  [classpath + loader.0] file:/Users/nop/Documents/workspace/historyblockchain/lib/eclipse-rdf4j-2.2.1-onejar.jar
2017-05-30 21:16:59.662+0000 INFO [o.n.k.i.DiagnosticsManager]  [classpath + loader.0] file:/Users/nop/Documents/workspace/historyblockchain/neo4j-community-3.2.0/lib/jackson-jaxrs-1.9.13.jar
2017-05-30 21:16:59.662+0000 INFO [o.n.k.i.DiagnosticsManager]  [bootstrap] /Library/Java/JavaVirtualMachines/jdk1.8.0_111.jdk/Contents/Home/jre/lib/rt.jar
2017-05-30 21:16:59.662+0000 INFO [o.n.k.i.DiagnosticsManager]  [loader.1] file:/System/Library/Java/Extensions/libJ3D.jnilib
2017-05-30 21:16:59.662+0000 INFO [o.n.k.i.DiagnosticsManager]  [loader.1] file:/Library/Java/JavaVirtualMachines/jdk1.8.0_111.jdk/Contents/Home/jre/lib/ext/sunpkcs11.jar
2017-05-30 21:16:59.662+0000 INFO [o.n.k.i.DiagnosticsManager]  [bootstrap] /Library/Java/JavaVirtualMachines/jdk1.8.0_111.jdk/Contents/Home/jre/lib/charsets.jar
2017-05-30 21:16:59.662+0000 INFO [o.n.k.i.DiagnosticsManager]  [loader.1] file:/Library/Java/JavaVirtualMachines/jdk1.8.0_111.jdk/Contents/Home/jre/lib/ext/sunec.jar
2017-05-30 21:16:59.662+0000 INFO [o.n.k.i.DiagnosticsManager]  [classpath + loader.0] file:/Users/nop/.m2/repository/org/eclipse/rdf4j/rdf4j-sail-nativerdf/2.2/rdf4j-sail-nativerdf-2.2.jar
2017-05-30 21:16:59.662+0000 INFO [o.n.k.i.DiagnosticsManager]  [classpath + loader.0] file:/Users/nop/.m2/repository/org/apache/commons/commons-lang3/3.3.2/commons-lang3-3.3.2.jar
2017-05-30 21:16:59.662+0000 INFO [o.n.k.i.DiagnosticsManager]  [loader.1] file:/System/Library/Java/Extensions/dns_sd.jar
2017-05-30 21:16:59.662+0000 INFO [o.n.k.i.DiagnosticsManager]  [loader.1] file:/System/Library/Java/Extensions/MRJToolkit.jar
2017-05-30 21:16:59.662+0000 INFO [o.n.k.i.DiagnosticsManager]  [classpath + loader.0] file:/Users/nop/Documents/workspace/historyblockchain/neo4j-community-3.2.0/lib/neo4j-graph-matching-3.1.3.jar
2017-05-30 21:16:59.662+0000 INFO [o.n.k.i.DiagnosticsManager]  [classpath + loader.0] file:/Users/nop/.m2/repository/com/github/jsonld-java/jsonld-java/0.8.3/jsonld-java-0.8.3.jar
2017-05-30 21:16:59.662+0000 INFO [o.n.k.i.DiagnosticsManager]  [classpath + loader.0] file:/Users/nop/Documents/workspace/historyblockchain/neo4j-community-3.2.0/lib/bcpkix-jdk15on-1.53.jar
2017-05-30 21:16:59.662+0000 INFO [o.n.k.i.DiagnosticsManager]  [classpath + loader.0] file:/Users/nop/.m2/repository/org/eclipse/rdf4j/rdf4j-sail-lucene/2.2/rdf4j-sail-lucene-2.2.jar
2017-05-30 21:16:59.662+0000 INFO [o.n.k.i.DiagnosticsManager]  [classpath + loader.0] file:/Users/nop/.m2/repository/org/apache/lucene/lucene-queries/5.2.1/lucene-queries-5.2.1.jar
2017-05-30 21:16:59.662+0000 INFO [o.n.k.i.DiagnosticsManager]  [classpath + loader.0] file:/Users/nop/Documents/workspace/historyblockchain/neo4j-community-3.2.0/lib/jetty-server-9.2.9.v20150224.jar
2017-05-30 21:16:59.662+0000 INFO [o.n.k.i.DiagnosticsManager]  [loader.1] file:/System/Library/Java/Extensions/mlibwrapper_jai.jar
2017-05-30 21:16:59.662+0000 INFO [o.n.k.i.DiagnosticsManager]  [classpath + loader.0] file:/Users/nop/.m2/repository/com/fasterxml/jackson/core/jackson-annotations/2.7.0/jackson-annotations-2.7.0.jar
2017-05-30 21:16:59.662+0000 INFO [o.n.k.i.DiagnosticsManager]  [classpath + loader.0] file:/Users/nop/Documents/workspace/historyblockchain/neo4j-community-3.2.0/lib/opencsv-2.3.jar
2017-05-30 21:16:59.662+0000 INFO [o.n.k.i.DiagnosticsManager]  [classpath + loader.0] file:/Users/nop/.m2/repository/org/eclipse/rdf4j/rdf4j-queryparser-serql/2.2/rdf4j-queryparser-serql-2.2.jar
2017-05-30 21:16:59.662+0000 INFO [o.n.k.i.DiagnosticsManager]  [classpath + loader.0] file:/Users/nop/.m2/repository/org/eclipse/rdf4j/rdf4j-queryresultio-sparqlxml/2.2/rdf4j-queryresultio-sparqlxml-2.2.jar
2017-05-30 21:16:59.662+0000 INFO [o.n.k.i.DiagnosticsManager]  [loader.1] file:/System/Library/Java/Extensions/libJ3DUtils.jnilib
2017-05-30 21:16:59.662+0000 INFO [o.n.k.i.DiagnosticsManager]  [loader.1] file:/System/Library/Java/Extensions/AppleScriptEngine.jar
2017-05-30 21:16:59.662+0000 INFO [o.n.k.i.DiagnosticsManager]  [classpath + loader.0] file:/Users/nop/Documents/workspace/historyblockchain/neo4j-community-3.2.0/lib/neo4j-common-3.2.0.jar
2017-05-30 21:16:59.662+0000 INFO [o.n.k.i.DiagnosticsManager]  [classpath + loader.0] file:/Users/nop/.m2/repository/org/eclipse/rdf4j/rdf4j-rio-ntriples/2.2/rdf4j-rio-ntriples-2.2.jar
2017-05-30 21:16:59.662+0000 INFO [o.n.k.i.DiagnosticsManager]  [classpath + loader.0] file:/Users/nop/.m2/repository/org/apache/lucene/lucene-memory/5.2.1/lucene-memory-5.2.1.jar
2017-05-30 21:16:59.662+0000 INFO [o.n.k.i.DiagnosticsManager]  [classpath + loader.0] file:/Users/nop/Documents/workspace/historyblockchain/neo4j-community-3.2.0/lib/jline-2.12.jar
2017-05-30 21:16:59.663+0000 INFO [o.n.k.i.DiagnosticsManager]  [classpath + loader.0] file:/Users/nop/.m2/repository/org/apache/lucene/lucene-sandbox/5.2.1/lucene-sandbox-5.2.1.jar
2017-05-30 21:16:59.663+0000 INFO [o.n.k.i.DiagnosticsManager]  [classpath + loader.0] file:/Users/nop/.m2/repository/org/eclipse/rdf4j/rdf4j-rio-rdfjson/2.2/rdf4j-rio-rdfjson-2.2.jar
2017-05-30 21:16:59.663+0000 INFO [o.n.k.i.DiagnosticsManager]  [loader.1] file:/usr/lib/java/libjdns_sd.jnilib
2017-05-30 21:16:59.663+0000 INFO [o.n.k.i.DiagnosticsManager]  [loader.1] file:/Library/Java/JavaVirtualMachines/jdk1.8.0_111.jdk/Contents/Home/jre/lib/ext/nashorn.jar
2017-05-30 21:16:59.663+0000 INFO [o.n.k.i.DiagnosticsManager]  [classpath + loader.0] file:/Users/nop/.m2/repository/org/apache/lucene/lucene-join/5.2.1/lucene-join-5.2.1.jar
2017-05-30 21:16:59.663+0000 INFO [o.n.k.i.DiagnosticsManager]  [classpath + loader.0] file:/Users/nop/.m2/repository/commons-codec/commons-codec/1.10/commons-codec-1.10.jar
2017-05-30 21:16:59.663+0000 INFO [o.n.k.i.DiagnosticsManager]  [classpath + loader.0] file:/Users/nop/.m2/repository/org/eclipse/rdf4j/rdf4j-rio-n3/2.2/rdf4j-rio-n3-2.2.jar
2017-05-30 21:16:59.663+0000 INFO [o.n.k.i.DiagnosticsManager]  [classpath + loader.0] file:/Users/nop/Documents/workspace/historyblockchain/neo4j-community-3.2.0/lib/neo4j-command-line-3.2.0.jar
2017-05-30 21:16:59.663+0000 INFO [o.n.k.i.DiagnosticsManager]  [classpath + loader.0] file:/Users/nop/.m2/repository/org/eclipse/rdf4j/rdf4j-queryrender/2.2/rdf4j-queryrender-2.2.jar
2017-05-30 21:16:59.663+0000 INFO [o.n.k.i.DiagnosticsManager]  [classpath + loader.0] file:/Users/nop/.m2/repository/com/google/guava/guava/18.0/guava-18.0.jar
2017-05-30 21:16:59.663+0000 INFO [o.n.k.i.DiagnosticsManager]  [loader.1] file:/Library/Java/JavaVirtualMachines/jdk1.8.0_111.jdk/Contents/Home/jre/lib/ext/dnsns.jar
2017-05-30 21:16:59.663+0000 INFO [o.n.k.i.DiagnosticsManager]  [classpath + loader.0] file:/Users/nop/Documents/workspace/historyblockchain/neo4j-community-3.2.0/lib/commons-digester-2.1.jar
2017-05-30 21:16:59.663+0000 INFO [o.n.k.i.DiagnosticsManager]  [classpath + loader.0] file:/Users/nop/Documents/workspace/historyblockchain/neo4j-community-3.2.0/lib/jetty-util-9.2.9.v20150224.jar
2017-05-30 21:16:59.663+0000 INFO [o.n.k.i.DiagnosticsManager]  [classpath + loader.0] file:/Users/nop/.m2/repository/org/apache/httpcomponents/fluent-hc/4.5.2/fluent-hc-4.5.2.jar
2017-05-30 21:16:59.663+0000 INFO [o.n.k.i.DiagnosticsManager]  [loader.1] file:/Library/Java/JavaVirtualMachines/jdk1.8.0_111.jdk/Contents/Home/jre/lib/ext/jaccess.jar
2017-05-30 21:16:59.663+0000 INFO [o.n.k.i.DiagnosticsManager]  [classpath + loader.0] file:/Users/nop/Documents/workspace/historyblockchain/neo4j-community-3.2.0/lib/neo4j-unsafe-3.2.0.jar
2017-05-30 21:16:59.663+0000 INFO [o.n.k.i.DiagnosticsManager]  [bootstrap] /Library/Java/JavaVirtualMachines/jdk1.8.0_111.jdk/Contents/Home/jre/classes
2017-05-30 21:16:59.664+0000 INFO [o.n.k.i.DiagnosticsManager]  [classpath + loader.0] file:/Users/nop/.m2/repository/org/eclipse/rdf4j/rdf4j-sail-inferencer/2.2/rdf4j-sail-inferencer-2.2.jar
2017-05-30 21:16:59.664+0000 INFO [o.n.k.i.DiagnosticsManager]  [classpath + loader.0] file:/Users/nop/.m2/repository/org/eclipse/rdf4j/rdf4j-sail-base/2.2/rdf4j-sail-base-2.2.jar
2017-05-30 21:16:59.664+0000 INFO [o.n.k.i.DiagnosticsManager]  [classpath + loader.0] file:/Users/nop/.m2/repository/com/spatial4j/spatial4j/0.4.1/spatial4j-0.4.1.jar
2017-05-30 21:16:59.664+0000 INFO [o.n.k.i.DiagnosticsManager]  [classpath + loader.0] file:/Users/nop/.m2/repository/org/apache/httpcomponents/httpcore-nio/4.4.4/httpcore-nio-4.4.4.jar
2017-05-30 21:16:59.664+0000 INFO [o.n.k.i.DiagnosticsManager]  [classpath + loader.0] file:/Users/nop/.m2/repository/org/eclipse/rdf4j/rdf4j-rio-nquads/2.2/rdf4j-rio-nquads-2.2.jar
2017-05-30 21:16:59.664+0000 INFO [o.n.k.i.DiagnosticsManager]  [classpath + loader.0] file:/Users/nop/Documents/workspace/historyblockchain/neo4j-community-3.2.0/lib/commons-io-2.4.jar
2017-05-30 21:16:59.664+0000 INFO [o.n.k.i.DiagnosticsManager]  [classpath + loader.0] file:/Users/nop/.m2/repository/org/apache/lucene/lucene-spatial/5.2.1/lucene-spatial-5.2.1.jar
2017-05-30 21:16:59.664+0000 INFO [o.n.k.i.DiagnosticsManager]  [classpath + loader.0] file:/Users/nop/.m2/repository/com/fasterxml/jackson/core/jackson-databind/2.7.4/jackson-databind-2.7.4.jar
2017-05-30 21:16:59.664+0000 INFO [o.n.k.i.DiagnosticsManager]  [classpath + loader.0] file:/Users/nop/Documents/workspace/historyblockchain/neo4j-community-3.2.0/lib/neo4j-cypher-frontend-2.3-2.3.10.jar
2017-05-30 21:16:59.664+0000 INFO [o.n.k.i.DiagnosticsManager]  [classpath + loader.0] file:/Users/nop/.m2/repository/org/apache/httpcomponents/httpclient-cache/4.5.2/httpclient-cache-4.5.2.jar
2017-05-30 21:16:59.664+0000 INFO [o.n.k.i.DiagnosticsManager]  [classpath + loader.0] file:/Users/nop/Documents/workspace/historyblockchain/neo4j-community-3.2.0/lib/neo4j-configuration-3.2.0.jar
2017-05-30 21:16:59.664+0000 INFO [o.n.k.i.DiagnosticsManager]  [loader.1] file:/Library/Java/JavaVirtualMachines/jdk1.8.0_111.jdk/Contents/Home/jre/lib/ext/jfxrt.jar
2017-05-30 21:16:59.664+0000 INFO [o.n.k.i.DiagnosticsManager]  [classpath + loader.0] file:/Users/nop/Documents/workspace/historyblockchain/neo4j-community-3.2.0/lib/mimepull-1.9.3.jar
2017-05-30 21:16:59.664+0000 INFO [o.n.k.i.DiagnosticsManager]  [classpath + loader.0] file:/Users/nop/Documents/workspace/historyblockchain/neo4j-community-3.2.0/lib/neo4j-cypher-compiler-3.2-3.2.0.jar
2017-05-30 21:16:59.664+0000 INFO [o.n.k.i.DiagnosticsManager]  [classpath + loader.0] file:/Users/nop/Documents/workspace/historyblockchain/neo4j-community-3.2.0/lib/neo4j-csv-3.2.0.jar
2017-05-30 21:16:59.664+0000 INFO [o.n.k.i.DiagnosticsManager]  [classpath + loader.0] file:/Users/nop/Documents/workspace/historyblockchain/neo4j-community-3.2.0/lib/neo4j-import-tool-3.2.0.jar
2017-05-30 21:16:59.664+0000 INFO [o.n.k.i.DiagnosticsManager]  [classpath + loader.0] file:/Users/nop/Documents/workspace/historyblockchain/neo4j-community-3.2.0/lib/neo4j-logging-3.2.0.jar
2017-05-30 21:16:59.664+0000 INFO [o.n.k.i.DiagnosticsManager]  [classpath + loader.0] file:/Users/nop/Documents/workspace/historyblockchain/neo4j-community-3.2.0/lib/neo4j-cypher-ir-3.2-3.2.0.jar
2017-05-30 21:16:59.664+0000 INFO [o.n.k.i.DiagnosticsManager]  [classpath + loader.0] file:/Users/nop/.m2/repository/org/apache/lucene/lucene-core/5.2.1/lucene-core-5.2.1.jar
2017-05-30 21:16:59.664+0000 INFO [o.n.k.i.DiagnosticsManager]  [bootstrap] /Library/Java/JavaVirtualMachines/jdk1.8.0_111.jdk/Contents/Home/jre/lib/jsse.jar
2017-05-30 21:16:59.664+0000 INFO [o.n.k.i.DiagnosticsManager]  [bootstrap] /Library/Java/JavaVirtualMachines/jdk1.8.0_111.jdk/Contents/Home/jre/lib/resources.jar
2017-05-30 21:16:59.665+0000 INFO [o.n.k.i.DiagnosticsManager]  [classpath + loader.0] file:/Users/nop/.m2/repository/org/eclipse/rdf4j/rdf4j-spin/2.2/rdf4j-spin-2.2.jar
2017-05-30 21:16:59.665+0000 INFO [o.n.k.i.DiagnosticsManager]  [classpath + loader.0] file:/Users/nop/Documents/workspace/historyblockchain/neo4j-community-3.2.0/lib/neo4j-cypher-compiler-2.3-2.3.10.jar
2017-05-30 21:16:59.665+0000 INFO [o.n.k.i.DiagnosticsManager]  [classpath + loader.0] file:/Users/nop/Documents/workspace/historyblockchain/neo4j-community-3.2.0/lib/jackson-mapper-asl-1.9.13.jar
2017-05-30 21:16:59.665+0000 INFO [o.n.k.i.DiagnosticsManager]  [classpath + loader.0] file:/Users/nop/Documents/workspace/historyblockchain/neo4j-community-3.2.0/lib/neo4j-dbms-3.2.0.jar
2017-05-30 21:16:59.665+0000 INFO [o.n.k.i.DiagnosticsManager]  [classpath + loader.0] file:/Users/nop/Documents/workspace/historyblockchain/neo4j-community-3.2.0/lib/commons-compress-1.12.jar
2017-05-30 21:16:59.665+0000 INFO [o.n.k.i.DiagnosticsManager]  [classpath + loader.0] file:/Users/nop/Documents/workspace/historyblockchain/neo4j-community-3.2.0/lib/commons-beanutils-1.8.3.jar
2017-05-30 21:16:59.665+0000 INFO [o.n.k.i.DiagnosticsManager]  [classpath + loader.0] file:/Users/nop/.m2/repository/org/eclipse/rdf4j/rdf4j-repository-http/2.2/rdf4j-repository-http-2.2.jar
2017-05-30 21:16:59.665+0000 INFO [o.n.k.i.DiagnosticsManager]  [classpath + loader.0] file:/Users/nop/Documents/workspace/historyblockchain/neo4j-community-3.2.0/lib/jetty-http-9.2.9.v20150224.jar
2017-05-30 21:16:59.665+0000 INFO [o.n.k.i.DiagnosticsManager]  [classpath + loader.0] file:/Users/nop/Documents/workspace/historyblockchain/neo4j-community-3.2.0/lib/commons-configuration-1.10.jar
2017-05-30 21:16:59.665+0000 INFO [o.n.k.i.DiagnosticsManager]  [classpath + loader.0] file:/Users/nop/Documents/workspace/historyblockchain/neo4j-community-3.2.0/lib/jetty-io-9.2.9.v20150224.jar
2017-05-30 21:16:59.665+0000 INFO [o.n.k.i.DiagnosticsManager]  [bootstrap] /Library/Java/JavaVirtualMachines/jdk1.8.0_111.jdk/Contents/Home/jre/lib/jfr.jar
2017-05-30 21:16:59.665+0000 INFO [o.n.k.i.DiagnosticsManager]  [classpath + loader.0] file:/Users/nop/Documents/workspace/historyblockchain/neo4j-community-3.2.0/lib/asm-5.2.jar
2017-05-30 21:16:59.665+0000 INFO [o.n.k.i.DiagnosticsManager]  [classpath + loader.0] file:/Users/nop/Documents/workspace/historyblockchain/neo4j-community-3.2.0/lib/parboiled-core-1.1.7.jar
2017-05-30 21:16:59.665+0000 INFO [o.n.k.i.DiagnosticsManager]  [classpath + loader.0] file:/Users/nop/.m2/repository/org/eclipse/rdf4j/rdf4j-rio-trix/2.2/rdf4j-rio-trix-2.2.jar
2017-05-30 21:16:59.665+0000 INFO [o.n.k.i.DiagnosticsManager]  [classpath + loader.0] file:/Users/nop/Documents/workspace/historyblockchain/neo4j-community-3.2.0/lib/lucene-codecs-5.5.0.jar
2017-05-30 21:16:59.665+0000 INFO [o.n.k.i.DiagnosticsManager]  [classpath + loader.0] file:/Users/nop/.m2/repository/commons-lang/commons-lang/2.6/commons-lang-2.6.jar
2017-05-30 21:16:59.665+0000 INFO [o.n.k.i.DiagnosticsManager]  [classpath + loader.0] file:/Users/nop/Documents/workspace/historyblockchain/neo4j-community-3.2.0/lib/neo4j-lucene-index-3.2.0.jar
2017-05-30 21:16:59.665+0000 INFO [o.n.k.i.DiagnosticsManager]  [classpath + loader.0] file:/Users/nop/Documents/workspace/historyblockchain/neo4j-community-3.2.0/lib/neo4j-shell-3.2.0.jar
2017-05-30 21:16:59.665+0000 INFO [o.n.k.i.DiagnosticsManager]  [classpath + loader.0] file:/Users/nop/.m2/repository/org/eclipse/rdf4j/rdf4j-rio-binary/2.2/rdf4j-rio-binary-2.2.jar
2017-05-30 21:16:59.665+0000 INFO [o.n.k.i.DiagnosticsManager]  [classpath + loader.0] file:/Users/nop/.m2/repository/org/eclipse/rdf4j/rdf4j-sail-model/2.2/rdf4j-sail-model-2.2.jar
2017-05-30 21:16:59.665+0000 INFO [o.n.k.i.DiagnosticsManager]  [loader.1] file:/System/Library/Java/Extensions/libJ3DAudio.jnilib
2017-05-30 21:16:59.665+0000 INFO [o.n.k.i.DiagnosticsManager]  [classpath + loader.0] file:/Users/nop/.m2/repository/org/eclipse/rdf4j/rdf4j-repository-event/2.2/rdf4j-repository-event-2.2.jar
2017-05-30 21:16:59.665+0000 INFO [o.n.k.i.DiagnosticsManager]  [classpath + loader.0] file:/Users/nop/.m2/repository/org/apache/httpcomponents/httpmime/4.5.2/httpmime-4.5.2.jar
2017-05-30 21:16:59.665+0000 INFO [o.n.k.i.DiagnosticsManager]  [classpath + loader.0] file:/Users/nop/Documents/workspace/historyblockchain/neo4j-community-3.2.0/lib/caffeine-2.3.3.jar
2017-05-30 21:16:59.665+0000 INFO [o.n.k.i.DiagnosticsManager]  [classpath + loader.0] file:/Users/nop/.m2/repository/org/eclipse/rdf4j/rdf4j-rio-turtle/2.2/rdf4j-rio-turtle-2.2.jar
2017-05-30 21:16:59.666+0000 INFO [o.n.k.i.DiagnosticsManager]  [classpath + loader.0] file:/Users/nop/.m2/repository/org/eclipse/rdf4j/rdf4j-rio-datatypes/2.2/rdf4j-rio-datatypes-2.2.jar
2017-05-30 21:16:59.666+0000 INFO [o.n.k.i.DiagnosticsManager]  [classpath + loader.0] file:/Users/nop/Documents/workspace/historyblockchain/neo4j-community-3.2.0/lib/commons-logging-1.1.1.jar
2017-05-30 21:16:59.666+0000 INFO [o.n.k.i.DiagnosticsManager]  [classpath + loader.0] file:/Users/nop/.m2/repository/org/apache/httpcomponents/httpcore/4.4.4/httpcore-4.4.4.jar
2017-05-30 21:16:59.666+0000 INFO [o.n.k.i.DiagnosticsManager]  [classpath + loader.0] file:/Users/nop/Documents/workspace/historyblockchain/neo4j-community-3.2.0/lib/neo4j-resource-3.2.0.jar
2017-05-30 21:16:59.666+0000 INFO [o.n.k.i.DiagnosticsManager]  [classpath + loader.0] file:/Users/nop/.m2/repository/org/apache/httpcomponents/httpcore-osgi/4.4.4/httpcore-osgi-4.4.4.jar
2017-05-30 21:16:59.666+0000 INFO [o.n.k.i.DiagnosticsManager]  [classpath + loader.0] file:/Users/nop/.m2/repository/org/eclipse/rdf4j/rdf4j-repository-manager/2.2/rdf4j-repository-manager-2.2.jar
2017-05-30 21:16:59.666+0000 INFO [o.n.k.i.DiagnosticsManager]  [classpath + loader.0] file:/Users/nop/Documents/workspace/historyblockchain/neo4j-community-3.2.0/lib/neo4j-consistency-check-3.2.0.jar
2017-05-30 21:16:59.666+0000 INFO [o.n.k.i.DiagnosticsManager]  [classpath + loader.0] file:/Users/nop/Documents/workspace/historyblockchain/neo4j-community-3.2.0/lib/lucene-core-5.5.0.jar
2017-05-30 21:16:59.666+0000 INFO [o.n.k.i.DiagnosticsManager]  [classpath + loader.0] file:/Users/nop/Documents/workspace/historyblockchain/neo4j-community-3.2.0/lib/jersey-multipart-1.19.jar
2017-05-30 21:16:59.666+0000 INFO [o.n.k.i.DiagnosticsManager]  [classpath + loader.0] file:/Users/nop/.m2/repository/org/eclipse/rdf4j/rdf4j-queryresultio-api/2.2/rdf4j-queryresultio-api-2.2.jar
2017-05-30 21:16:59.666+0000 INFO [o.n.k.i.DiagnosticsManager]  [classpath + loader.0] file:/Users/nop/Documents/workspace/historyblockchain/neo4j-community-3.2.0/lib/rhino-1.7R4.jar
2017-05-30 21:16:59.666+0000 INFO [o.n.k.i.DiagnosticsManager]  [loader.1] file:/System/Library/Java/Extensions/vecmath.jar
2017-05-30 21:16:59.667+0000 INFO [o.n.k.i.DiagnosticsManager]  [classpath + loader.0] file:/Users/nop/Documents/workspace/historyblockchain/neo4j-community-3.2.0/lib/jetty-servlet-9.2.9.v20150224.jar
2017-05-30 21:16:59.667+0000 INFO [o.n.k.i.DiagnosticsManager]  [classpath + loader.0] file:/Users/nop/Documents/workspace/historyblockchain/neo4j-community-3.2.0/lib/neo4j-cypher-frontend-3.1-3.1.4.jar
2017-05-30 21:16:59.667+0000 INFO [o.n.k.i.DiagnosticsManager]  [classpath + loader.0] file:/Users/nop/Documents/workspace/historyblockchain/neo4j-community-3.2.0/lib/concurrentlinkedhashmap-lru-1.4.2.jar
2017-05-30 21:16:59.667+0000 INFO [o.n.k.i.DiagnosticsManager]  [classpath + loader.0] file:/Users/nop/Documents/workspace/historyblockchain/neo4j-community-3.2.0/lib/javax.servlet-api-3.1.0.jar
2017-05-30 21:16:59.667+0000 INFO [o.n.k.i.DiagnosticsManager]  [classpath + loader.0] file:/Users/nop/.m2/repository/org/apache/lucene/lucene-misc/5.2.1/lucene-misc-5.2.1.jar
2017-05-30 21:16:59.667+0000 INFO [o.n.k.i.DiagnosticsManager]  [classpath + loader.0] file:/Users/nop/Documents/workspace/historyblockchain/neo4j-community-3.2.0/lib/commons-lang3-3.3.2.jar
2017-05-30 21:16:59.667+0000 INFO [o.n.k.i.DiagnosticsManager]  [classpath + loader.0] file:/Users/nop/.m2/repository/org/apache/lucene/lucene-analyzers-common/5.2.1/lucene-analyzers-common-5.2.1.jar
2017-05-30 21:16:59.667+0000 INFO [o.n.k.i.DiagnosticsManager]  [classpath + loader.0] file:/Users/nop/Documents/workspace/historyblockchain/target/classes/
2017-05-30 21:16:59.667+0000 INFO [o.n.k.i.DiagnosticsManager]  [classpath + loader.0] file:/Users/nop/.m2/repository/org/eclipse/rdf4j/rdf4j-queryresultio-binary/2.2/rdf4j-queryresultio-binary-2.2.jar
2017-05-30 21:16:59.667+0000 INFO [o.n.k.i.DiagnosticsManager]  [loader.1] file:/Library/Java/JavaVirtualMachines/jdk1.8.0_111.jdk/Contents/Home/jre/lib/ext/zipfs.jar
2017-05-30 21:16:59.667+0000 INFO [o.n.k.i.DiagnosticsManager]  [classpath + loader.0] file:/Users/nop/.m2/repository/org/eclipse/rdf4j/rdf4j-rio-rdfxml/2.2/rdf4j-rio-rdfxml-2.2.jar
2017-05-30 21:16:59.667+0000 INFO [o.n.k.i.DiagnosticsManager]  [classpath + loader.0] file:/Users/nop/Documents/workspace/historyblockchain/neo4j-community-3.2.0/lib/neo4j-jmx-3.2.0.jar
2017-05-30 21:16:59.667+0000 INFO [o.n.k.i.DiagnosticsManager]  [loader.1] file:/Library/Java/JavaVirtualMachines/jdk1.8.0_111.jdk/Contents/Home/jre/lib/ext/cldrdata.jar
2017-05-30 21:16:59.667+0000 INFO [o.n.k.i.DiagnosticsManager]  [classpath + loader.0] file:/Users/nop/.m2/repository/org/eclipse/rdf4j/rdf4j-rio-trig/2.2/rdf4j-rio-trig-2.2.jar
2017-05-30 21:16:59.667+0000 INFO [o.n.k.i.DiagnosticsManager]  [classpath + loader.0] file:/Users/nop/Documents/workspace/historyblockchain/neo4j-community-3.2.0/lib/jersey-core-1.19.jar
2017-05-30 21:16:59.667+0000 INFO [o.n.k.i.DiagnosticsManager]  [classpath + loader.0] file:/Users/nop/Documents/workspace/historyblockchain/neo4j-community-3.2.0/lib/neo4j-kernel-3.2.0.jar
2017-05-30 21:16:59.667+0000 INFO [o.n.k.i.DiagnosticsManager]  [classpath + loader.0] file:/Users/nop/.m2/repository/com/opencsv/opencsv/3.2/opencsv-3.2.jar
2017-05-30 21:16:59.667+0000 INFO [o.n.k.i.DiagnosticsManager]  [loader.1] file:/System/Library/Java/Extensions/libAppleScriptEngine.jnilib
2017-05-30 21:16:59.667+0000 INFO [o.n.k.i.DiagnosticsManager]  [classpath + loader.0] file:/Users/nop/.m2/repository/org/eclipse/rdf4j/rdf4j-sail-spin/2.2/rdf4j-sail-spin-2.2.jar
2017-05-30 21:16:59.667+0000 INFO [o.n.k.i.DiagnosticsManager]  [loader.1] file:/Library/Java/JavaVirtualMachines/jdk1.8.0_111.jdk/Contents/Home/jre/lib/ext/sunjce_provider.jar
2017-05-30 21:16:59.667+0000 INFO [o.n.k.i.DiagnosticsManager]  [classpath + loader.0] file:/Users/nop/Documents/workspace/historyblockchain/neo4j-community-3.2.0/lib/lucene-queryparser-5.5.0.jar
2017-05-30 21:16:59.668+0000 INFO [o.n.k.i.DiagnosticsManager]  [classpath + loader.0] file:/Users/nop/Documents/workspace/historyblockchain/neo4j-community-3.2.0/lib/neo4j-io-3.2.0.jar
2017-05-30 21:16:59.668+0000 INFO [o.n.k.i.DiagnosticsManager]  [classpath + loader.0] file:/Users/nop/Documents/workspace/historyblockchain/neo4j-community-3.2.0/lib/neo4j-lucene-upgrade-3.2.0.jar
2017-05-30 21:16:59.668+0000 INFO [o.n.k.i.DiagnosticsManager]  [classpath + loader.0] file:/Users/nop/.m2/repository/org/eclipse/rdf4j/rdf4j-queryresultio-sparqljson/2.2/rdf4j-queryresultio-sparqljson-2.2.jar
2017-05-30 21:16:59.668+0000 INFO [o.n.k.i.DiagnosticsManager]  [bootstrap] /Library/Java/JavaVirtualMachines/jdk1.8.0_111.jdk/Contents/Home/jre/lib/sunrsasign.jar
2017-05-30 21:16:59.668+0000 INFO [o.n.k.i.DiagnosticsManager]  [bootstrap] /Library/Java/JavaVirtualMachines/jdk1.8.0_111.jdk/Contents/Home/jre/lib/jce.jar
2017-05-30 21:16:59.668+0000 INFO [o.n.k.i.DiagnosticsManager]  [classpath + loader.0] file:/Users/nop/.m2/repository/org/eclipse/rdf4j/rdf4j-rio-languages/2.2/rdf4j-rio-languages-2.2.jar
2017-05-30 21:16:59.668+0000 INFO [o.n.k.i.DiagnosticsManager]  [classpath + loader.0] file:/Users/nop/.m2/repository/org/eclipse/rdf4j/rdf4j-queryalgebra-evaluation/2.2/rdf4j-queryalgebra-evaluation-2.2.jar
2017-05-30 21:16:59.668+0000 INFO [o.n.k.i.DiagnosticsManager]  [classpath + loader.0] file:/Users/nop/.m2/repository/org/eclipse/rdf4j/rdf4j-queryresultio-text/2.2/rdf4j-queryresultio-text-2.2.jar
2017-05-30 21:16:59.668+0000 INFO [o.n.k.i.DiagnosticsManager]  [classpath + loader.0] file:/Users/nop/Documents/workspace/historyblockchain/neo4j-community-3.2.0/lib/netty-all-4.1.8.Final.jar
2017-05-30 21:16:59.668+0000 INFO [o.n.k.i.DiagnosticsManager]  [classpath + loader.0] file:/Users/nop/.m2/repository/org/eclipse/rdf4j/rdf4j-util/2.2/rdf4j-util-2.2.jar
2017-05-30 21:16:59.668+0000 INFO [o.n.k.i.DiagnosticsManager]  [classpath + loader.0] file:/Users/nop/Documents/workspace/historyblockchain/neo4j-community-3.2.0/lib/jetty-security-9.2.9.v20150224.jar
2017-05-30 21:16:59.668+0000 INFO [o.n.k.i.DiagnosticsManager]  [classpath + loader.0] file:/Users/nop/.m2/repository/org/eclipse/rdf4j/rdf4j-repository-api/2.2/rdf4j-repository-api-2.2.jar
2017-05-30 21:16:59.668+0000 INFO [o.n.k.i.DiagnosticsManager]  [classpath + loader.0] file:/Users/nop/.m2/repository/org/eclipse/rdf4j/rdf4j-model/2.2/rdf4j-model-2.2.jar
2017-05-30 21:16:59.668+0000 INFO [o.n.k.i.DiagnosticsManager]  [classpath + loader.0] file:/Users/nop/Documents/workspace/historyblockchain/neo4j-community-3.2.0/lib/scala-library-2.11.8.jar
2017-05-30 21:16:59.668+0000 INFO [o.n.k.i.DiagnosticsManager]  [classpath + loader.0] file:/Users/nop/Documents/workspace/historyblockchain/neo4j-community-3.2.0/lib/neo4j-graphdb-api-3.2.0.jar
2017-05-30 21:16:59.668+0000 INFO [o.n.k.i.DiagnosticsManager]  [classpath + loader.0] file:/Users/nop/.m2/repository/org/eclipse/rdf4j/rdf4j-sail-memory/2.2/rdf4j-sail-memory-2.2.jar
2017-05-30 21:16:59.668+0000 INFO [o.n.k.i.DiagnosticsManager]  [classpath + loader.0] file:/Users/nop/Documents/workspace/historyblockchain/neo4j-community-3.2.0/lib/parboiled-scala_2.11-1.1.7.jar
2017-05-30 21:16:59.668+0000 INFO [o.n.k.i.DiagnosticsManager]  [classpath + loader.0] file:/Users/nop/.m2/repository/org/apache/lucene/lucene-queryparser/5.2.1/lucene-queryparser-5.2.1.jar
2017-05-30 21:16:59.668+0000 INFO [o.n.k.i.DiagnosticsManager]  [classpath + loader.0] file:/Users/nop/Documents/workspace/historyblockchain/neo4j-community-3.2.0/lib/scala-reflect-2.11.8.jar
2017-05-30 21:16:59.668+0000 INFO [o.n.k.i.DiagnosticsManager]  [classpath + loader.0] file:/Users/nop/Documents/workspace/historyblockchain/neo4j-community-3.2.0/lib/neo4j-browser-3.0.1.jar
2017-05-30 21:16:59.668+0000 INFO [o.n.k.i.DiagnosticsManager]  [classpath + loader.0] file:/Users/nop/.m2/repository/org/eclipse/rdf4j/rdf4j-runtime/2.2/rdf4j-runtime-2.2.jar
2017-05-30 21:16:59.668+0000 INFO [o.n.k.i.DiagnosticsManager]  [classpath + loader.0] file:/Users/nop/.m2/repository/org/mapdb/mapdb/1.0.8/mapdb-1.0.8.jar
2017-05-30 21:16:59.668+0000 INFO [o.n.k.i.DiagnosticsManager]  [loader.1] file:/System/Library/Java/Extensions/j3dcore.jar
2017-05-30 21:16:59.668+0000 INFO [o.n.k.i.DiagnosticsManager]  [classpath + loader.0] file:/Users/nop/.m2/repository/commons-io/commons-io/2.4/commons-io-2.4.jar
2017-05-30 21:16:59.669+0000 INFO [o.n.k.i.DiagnosticsManager]  [classpath + loader.0] file:/Users/nop/.m2/repository/org/eclipse/rdf4j/rdf4j-sail-lucene-api/2.2/rdf4j-sail-lucene-api-2.2.jar
2017-05-30 21:16:59.669+0000 INFO [o.n.k.i.DiagnosticsManager] Library path:
2017-05-30 21:16:59.669+0000 INFO [o.n.k.i.DiagnosticsManager] /Users/nop/Library/Java/Extensions
2017-05-30 21:16:59.669+0000 INFO [o.n.k.i.DiagnosticsManager] /Library/Java/Extensions
2017-05-30 21:16:59.669+0000 INFO [o.n.k.i.DiagnosticsManager] /Network/Library/Java/Extensions
2017-05-30 21:16:59.669+0000 INFO [o.n.k.i.DiagnosticsManager] /System/Library/Java/Extensions
2017-05-30 21:16:59.669+0000 INFO [o.n.k.i.DiagnosticsManager] /usr/lib/java
2017-05-30 21:16:59.669+0000 INFO [o.n.k.i.DiagnosticsManager] /Users/nop/Documents/workspace/historyblockchain
2017-05-30 21:16:59.669+0000 INFO [o.n.k.i.DiagnosticsManager] System.properties:
2017-05-30 21:16:59.670+0000 INFO [o.n.k.i.DiagnosticsManager] sun.boot.library.path = /Library/Java/JavaVirtualMachines/jdk1.8.0_111.jdk/Contents/Home/jre/lib
2017-05-30 21:16:59.670+0000 INFO [o.n.k.i.DiagnosticsManager] gopherProxySet = false
2017-05-30 21:16:59.670+0000 INFO [o.n.k.i.DiagnosticsManager] path.separator = :
2017-05-30 21:16:59.670+0000 INFO [o.n.k.i.DiagnosticsManager] file.encoding.pkg = sun.io
2017-05-30 21:16:59.670+0000 INFO [o.n.k.i.DiagnosticsManager] user.country = GB
2017-05-30 21:16:59.670+0000 INFO [o.n.k.i.DiagnosticsManager] sun.java.launcher = SUN_STANDARD
2017-05-30 21:16:59.670+0000 INFO [o.n.k.i.DiagnosticsManager] sun.os.patch.level = unknown
2017-05-30 21:16:59.670+0000 INFO [o.n.k.i.DiagnosticsManager] user.dir = /Users/nop/Documents/workspace/historyblockchain
2017-05-30 21:16:59.670+0000 INFO [o.n.k.i.DiagnosticsManager] sun.jnu.encoding = UTF-8
2017-05-30 21:16:59.671+0000 INFO [o.n.k.i.DiagnosticsManager] sun.management.compiler = HotSpot 64-Bit Tiered Compilers
2017-05-30 21:16:59.671+0000 INFO [o.n.k.i.DiagnosticsManager] http.nonProxyHosts = local|*.local|169.254/16|*.169.254/16
2017-05-30 21:16:59.671+0000 INFO [o.n.k.i.DiagnosticsManager] user.home = /Users/nop
2017-05-30 21:16:59.671+0000 INFO [o.n.k.i.DiagnosticsManager] user.timezone = Europe/London
2017-05-30 21:16:59.671+0000 INFO [o.n.k.i.DiagnosticsManager] file.encoding = UTF-8
2017-05-30 21:16:59.671+0000 INFO [o.n.k.i.DiagnosticsManager] user.name = Nop
2017-05-30 21:16:59.671+0000 INFO [o.n.k.i.DiagnosticsManager] sun.java.command = Main
2017-05-30 21:16:59.671+0000 INFO [o.n.k.i.DiagnosticsManager] sun.arch.data.model = 64
2017-05-30 21:16:59.671+0000 INFO [o.n.k.i.DiagnosticsManager] user.language = en
2017-05-30 21:16:59.671+0000 INFO [o.n.k.i.DiagnosticsManager] awt.toolkit = sun.lwawt.macosx.LWCToolkit
2017-05-30 21:16:59.671+0000 INFO [o.n.k.i.DiagnosticsManager] file.separator = /
2017-05-30 21:16:59.671+0000 INFO [o.n.k.i.DiagnosticsManager] sun.io.unicode.encoding = UnicodeBig
2017-05-30 21:16:59.671+0000 INFO [o.n.k.i.DiagnosticsManager] sun.cpu.endian = little
2017-05-30 21:16:59.671+0000 INFO [o.n.k.i.DiagnosticsManager] socksNonProxyHosts = local|*.local|169.254/16|*.169.254/16
2017-05-30 21:16:59.671+0000 INFO [o.n.k.i.DiagnosticsManager] ftp.nonProxyHosts = local|*.local|169.254/16|*.169.254/16
2017-05-30 21:16:59.671+0000 INFO [o.n.k.i.DiagnosticsManager] sun.cpu.isalist = 
2017-05-30 21:16:59.671+0000 INFO [o.n.k.i.DiagnosticsManager] Network information:
2017-05-30 21:16:59.672+0000 INFO [o.n.k.i.DiagnosticsManager] Interface utun0:
2017-05-30 21:16:59.672+0000 INFO [o.n.k.i.DiagnosticsManager]     address: fe80:0:0:0:ac22:6c41:ee11:7287%utun0
2017-05-30 21:16:59.672+0000 INFO [o.n.k.i.DiagnosticsManager] Interface awdl0:
2017-05-30 21:16:59.672+0000 INFO [o.n.k.i.DiagnosticsManager]     address: fe80:0:0:0:e4fd:56ff:fe2b:b02b%awdl0
2017-05-30 21:16:59.673+0000 INFO [o.n.k.i.DiagnosticsManager] Interface en0:
2017-05-30 21:16:59.673+0000 INFO [o.n.k.i.DiagnosticsManager]     address: 2001:630:12:2e23:e8a0:63e1:cc8f:d07d
2017-05-30 21:16:59.673+0000 INFO [o.n.k.i.DiagnosticsManager]     address: 2001:630:12:2e23:1c39:bfee:2d33:7f42
2017-05-30 21:16:59.673+0000 INFO [o.n.k.i.DiagnosticsManager]     address: fe80:0:0:0:1014:cd55:ba7b:c8de%en0
2017-05-30 21:16:59.673+0000 INFO [o.n.k.i.DiagnosticsManager]     address: 129.31.171.198
2017-05-30 21:16:59.673+0000 INFO [o.n.k.i.DiagnosticsManager] Interface lo0:
2017-05-30 21:16:59.673+0000 INFO [o.n.k.i.DiagnosticsManager]     address: fe80:0:0:0:0:0:0:1%lo0
2017-05-30 21:16:59.673+0000 INFO [o.n.k.i.DiagnosticsManager]     address: 0:0:0:0:0:0:0:1
2017-05-30 21:16:59.673+0000 INFO [o.n.k.i.DiagnosticsManager]     address: 127.0.0.1
2017-05-30 21:16:59.673+0000 INFO [o.n.k.i.DiagnosticsManager] --- INITIALIZED diagnostics END ---
2017-05-30 21:16:59.894+0000 INFO [o.n.k.i.s.f.RecordFormatSelector] Selected format 'RecordFormat:StandardV3_2[v0.A.8]' for the new store
2017-05-30 21:17:00.279+0000 INFO [o.n.k.i.a.i.IndexingService] IndexingService.init: indexes not specifically mentioned above are null
2017-05-30 21:17:00.279+0000 INFO [o.n.k.a.i.l.LuceneLabelScanStore] No scan store found, this might just be first use. Preparing to rebuild.
2017-05-30 21:17:00.279+0000 INFO [o.n.k.i.i.l.NativeLabelScanStore] No scan store found, this might just be first use. Preparing to rebuild.
2017-05-30 21:17:00.302+0000 INFO [o.n.k.NeoStoreDataSource] Opened logical log [/Users/nop/Documents/workspace/historyblockchain/Graph Tue May 30 22:16:54 BST 2017 1496179014443/neostore.transaction.db.0] version=0, lastTxId=1 (clean)
2017-05-30 21:17:00.305+0000 INFO [o.n.k.NeoStoreDataSource] No commits found after last check point (which is at <no log position given>)
2017-05-30 21:17:00.310+0000 WARN [o.n.k.i.s.MetaDataStore] Missing counts store, rebuilding it.
2017-05-30 21:17:00.392+0000 INFO [o.n.k.i.a.i.IndexingService] IndexingService.start: indexes not specifically mentioned above are null
2017-05-30 21:17:00.393+0000 INFO [o.n.k.a.i.l.LuceneLabelScanStore] Rebuilding scan store, this may take a while
2017-05-30 21:17:00.393+0000 INFO [o.n.k.i.i.l.NativeLabelScanStore] Rebuilding scan store, this may take a while
2017-05-30 21:17:00.403+0000 INFO [o.n.k.i.i.l.NativeLabelScanStore] Scan store rebuilt (roughly 0 nodes)
2017-05-30 21:17:00.403+0000 INFO [o.n.k.a.i.l.LuceneLabelScanStore] Scan store rebuilt (roughly 0 nodes)
2017-05-30 21:17:00.406+0000 INFO [o.n.k.i.DatabaseHealth] Database health set to OK
2017-05-30 21:17:01.042+0000 INFO [o.n.k.AvailabilityGuard] Fulfilling of requirement makes database available: Database available
2017-05-30 21:17:01.043+0000 INFO [o.n.k.i.f.GraphDatabaseFacadeFactory] Database is now ready
2017-05-30 21:17:01.044+0000 INFO [o.n.k.i.DiagnosticsManager] --- STARTED diagnostics for KernelDiagnostics:Versions START ---
2017-05-30 21:17:01.044+0000 INFO [o.n.k.i.DiagnosticsManager] Graph Database: community single StoreId{creationTime=1496179020086, randomId=-973145495814814016, storeVersion=15813456178476550, upgradeTime=1496179020086, upgradeId=1}
2017-05-30 21:17:01.044+0000 INFO [o.n.k.i.DiagnosticsManager] Kernel version: 3.2.0,6c8c5763843ef95d9cad8ee618284e703f03e064
2017-05-30 21:17:01.044+0000 INFO [o.n.k.i.DiagnosticsManager] --- STARTED diagnostics for KernelDiagnostics:Versions END ---
2017-05-30 21:17:01.046+0000 INFO [o.n.k.i.DiagnosticsManager] --- STARTED diagnostics for NEO_STORE_VERSIONS START ---
2017-05-30 21:17:01.046+0000 INFO [o.n.k.i.DiagnosticsManager] Store versions:
2017-05-30 21:17:01.046+0000 INFO [o.n.k.i.DiagnosticsManager] Store versions:
2017-05-30 21:17:01.046+0000 INFO [o.n.k.i.DiagnosticsManager]   ArrayPropertyStore v0.A.8
2017-05-30 21:17:01.046+0000 INFO [o.n.k.i.DiagnosticsManager]   NodeStore v0.A.8
2017-05-30 21:17:01.046+0000 INFO [o.n.k.i.DiagnosticsManager]   StringPropertyStore v0.A.8
2017-05-30 21:17:01.046+0000 INFO [o.n.k.i.DiagnosticsManager]   PropertyIndexStore v0.A.8
2017-05-30 21:17:01.046+0000 INFO [o.n.k.i.DiagnosticsManager]   StringPropertyStore v0.A.8
2017-05-30 21:17:01.046+0000 INFO [o.n.k.i.DiagnosticsManager]   ArrayPropertyStore v0.A.8
2017-05-30 21:17:01.046+0000 INFO [o.n.k.i.DiagnosticsManager]   PropertyStore v0.A.8
2017-05-30 21:17:01.046+0000 INFO [o.n.k.i.DiagnosticsManager]   RelationshipStore v0.A.8
2017-05-30 21:17:01.046+0000 INFO [o.n.k.i.DiagnosticsManager]   StringPropertyStore v0.A.8
2017-05-30 21:17:01.046+0000 INFO [o.n.k.i.DiagnosticsManager]   RelationshipTypeStore v0.A.8
2017-05-30 21:17:01.046+0000 INFO [o.n.k.i.DiagnosticsManager]   StringPropertyStore v0.A.8
2017-05-30 21:17:01.046+0000 INFO [o.n.k.i.DiagnosticsManager]   LabelTokenStore v0.A.8
2017-05-30 21:17:01.046+0000 INFO [o.n.k.i.DiagnosticsManager]   SchemaStore v0.A.8
2017-05-30 21:17:01.046+0000 INFO [o.n.k.i.DiagnosticsManager]   RelationshipGroupStore v0.A.8
2017-05-30 21:17:01.046+0000 INFO [o.n.k.i.DiagnosticsManager]   NeoStore v0.A.8
2017-05-30 21:17:01.047+0000 INFO [o.n.k.i.DiagnosticsManager] --- STARTED diagnostics for NEO_STORE_VERSIONS END ---
2017-05-30 21:17:01.047+0000 INFO [o.n.k.i.DiagnosticsManager] --- STARTED diagnostics for NEO_STORE_ID_USAGE START ---
2017-05-30 21:17:01.047+0000 INFO [o.n.k.i.DiagnosticsManager] Id usage:
2017-05-30 21:17:01.047+0000 INFO [o.n.k.i.DiagnosticsManager] Id usage:
2017-05-30 21:17:01.047+0000 INFO [o.n.k.i.DiagnosticsManager]   ArrayPropertyStore: used=1 high=0
2017-05-30 21:17:01.047+0000 INFO [o.n.k.i.DiagnosticsManager]   NodeStore: used=0 high=-1
2017-05-30 21:17:01.047+0000 INFO [o.n.k.i.DiagnosticsManager]   StringPropertyStore: used=1 high=0
2017-05-30 21:17:01.047+0000 INFO [o.n.k.i.DiagnosticsManager]   PropertyIndexStore: used=0 high=-1
2017-05-30 21:17:01.047+0000 INFO [o.n.k.i.DiagnosticsManager]   StringPropertyStore: used=1 high=0
2017-05-30 21:17:01.047+0000 INFO [o.n.k.i.DiagnosticsManager]   ArrayPropertyStore: used=1 high=0
2017-05-30 21:17:01.048+0000 INFO [o.n.k.i.DiagnosticsManager]   PropertyStore: used=0 high=-1
2017-05-30 21:17:01.048+0000 INFO [o.n.k.i.DiagnosticsManager]   RelationshipStore: used=0 high=-1
2017-05-30 21:17:01.048+0000 INFO [o.n.k.i.DiagnosticsManager]   StringPropertyStore: used=1 high=0
2017-05-30 21:17:01.048+0000 INFO [o.n.k.i.DiagnosticsManager]   RelationshipTypeStore: used=0 high=-1
2017-05-30 21:17:01.048+0000 INFO [o.n.k.i.DiagnosticsManager]   StringPropertyStore: used=1 high=0
2017-05-30 21:17:01.048+0000 INFO [o.n.k.i.DiagnosticsManager]   LabelTokenStore: used=0 high=-1
2017-05-30 21:17:01.048+0000 INFO [o.n.k.i.DiagnosticsManager]   SchemaStore: used=1 high=0
2017-05-30 21:17:01.049+0000 INFO [o.n.k.i.DiagnosticsManager]   RelationshipGroupStore: used=1 high=0
2017-05-30 21:17:01.049+0000 INFO [o.n.k.i.DiagnosticsManager]   NeoStore: used=15 high=14
2017-05-30 21:17:01.049+0000 INFO [o.n.k.i.DiagnosticsManager] --- STARTED diagnostics for NEO_STORE_ID_USAGE END ---
2017-05-30 21:17:01.049+0000 INFO [o.n.k.i.DiagnosticsManager] --- STARTED diagnostics for NEO_STORE_RECORDS START ---
2017-05-30 21:17:01.049+0000 INFO [o.n.k.i.DiagnosticsManager] Neostore records:
2017-05-30 21:17:01.049+0000 INFO [o.n.k.i.DiagnosticsManager] TIME (Creation time): 1496179020086
2017-05-30 21:17:01.050+0000 INFO [o.n.k.i.DiagnosticsManager] RANDOM_NUMBER (Random number for store id): -973145495814814016
2017-05-30 21:17:01.050+0000 INFO [o.n.k.i.DiagnosticsManager] LOG_VERSION (Current log version): 0
2017-05-30 21:17:01.050+0000 INFO [o.n.k.i.DiagnosticsManager] LAST_TRANSACTION_ID (Last committed transaction): 1
2017-05-30 21:17:01.050+0000 INFO [o.n.k.i.DiagnosticsManager] STORE_VERSION (Store format version): 15813456178476550
2017-05-30 21:17:01.050+0000 INFO [o.n.k.i.DiagnosticsManager] FIRST_GRAPH_PROPERTY (First property record containing graph properties): -1
2017-05-30 21:17:01.050+0000 INFO [o.n.k.i.DiagnosticsManager] LAST_CONSTRAINT_TRANSACTION (Last committed transaction containing constraint changes): 0
2017-05-30 21:17:01.050+0000 INFO [o.n.k.i.DiagnosticsManager] UPGRADE_TRANSACTION_ID (Transaction id most recent upgrade was performed at): 1
2017-05-30 21:17:01.050+0000 INFO [o.n.k.i.DiagnosticsManager] UPGRADE_TIME (Time of last upgrade): 1496179020086
2017-05-30 21:17:01.050+0000 INFO [o.n.k.i.DiagnosticsManager] LAST_TRANSACTION_CHECKSUM (Checksum of last committed transaction): 0
2017-05-30 21:17:01.050+0000 INFO [o.n.k.i.DiagnosticsManager] UPGRADE_TRANSACTION_CHECKSUM (Checksum of transaction id the most recent upgrade was performed at): 0
2017-05-30 21:17:01.050+0000 INFO [o.n.k.i.DiagnosticsManager] LAST_CLOSED_TRANSACTION_LOG_VERSION (Log version where the last transaction commit entry has been written into): 0
2017-05-30 21:17:01.050+0000 INFO [o.n.k.i.DiagnosticsManager] LAST_CLOSED_TRANSACTION_LOG_BYTE_OFFSET (Byte offset in the log file where the last transaction commit entry has been written into): 16
2017-05-30 21:17:01.050+0000 INFO [o.n.k.i.DiagnosticsManager] LAST_TRANSACTION_COMMIT_TIMESTAMP (Commit time timestamp for last committed transaction): 0
2017-05-30 21:17:01.050+0000 INFO [o.n.k.i.DiagnosticsManager] UPGRADE_TRANSACTION_COMMIT_TIMESTAMP (Commit timestamp of transaction the most recent upgrade was performed at): 0
2017-05-30 21:17:01.051+0000 INFO [o.n.k.i.DiagnosticsManager] --- STARTED diagnostics for NEO_STORE_RECORDS END ---
2017-05-30 21:17:01.052+0000 INFO [o.n.k.i.DiagnosticsManager] --- STARTED diagnostics for TRANSACTION_RANGE START ---
2017-05-30 21:17:01.052+0000 INFO [o.n.k.i.DiagnosticsManager] Transaction log:
2017-05-30 21:17:01.053+0000 INFO [o.n.k.i.DiagnosticsManager] No transactions found in any log
2017-05-30 21:17:01.053+0000 INFO [o.n.k.i.DiagnosticsManager] --- STARTED diagnostics for TRANSACTION_RANGE END ---
2017-05-30 21:17:01.053+0000 INFO [o.n.k.i.DiagnosticsManager] --- STARTED diagnostics for KernelDiagnostics:StoreFiles START ---
2017-05-30 21:17:01.054+0000 INFO [o.n.k.i.DiagnosticsManager] Disk space on partition (Total / Free / Free %): 498971181056 / 381673103360 / 76
Storage files: (filename : modification date - size)
2017-05-30 21:17:01.054+0000 INFO [o.n.k.i.DiagnosticsManager]   index:
2017-05-30 21:17:01.055+0000 INFO [o.n.k.i.DiagnosticsManager]   - Total: 2017-05-30T22:17:00+0100 - 0.00 B
2017-05-30 21:17:01.055+0000 INFO [o.n.k.i.DiagnosticsManager]   logs:
2017-05-30 21:17:01.055+0000 INFO [o.n.k.i.DiagnosticsManager]     debug.log: 2017-05-30T22:17:01+0100 - 54.21 kB
2017-05-30 21:17:01.055+0000 INFO [o.n.k.i.DiagnosticsManager]   - Total: 2017-05-30T22:16:59+0100 - 54.21 kB
2017-05-30 21:17:01.055+0000 INFO [o.n.k.i.DiagnosticsManager]   neostore: 2017-05-30T22:17:00+0100 - 8.00 kB
2017-05-30 21:17:01.055+0000 INFO [o.n.k.i.DiagnosticsManager]   neostore.counts.db.a: 2017-05-30T22:17:00+0100 - 96.00 B
2017-05-30 21:17:01.056+0000 INFO [o.n.k.i.DiagnosticsManager]   neostore.id: 2017-05-30T22:17:00+0100 - 9.00 B
2017-05-30 21:17:01.056+0000 INFO [o.n.k.i.DiagnosticsManager]   neostore.labelscanstore.db: 2017-05-30T22:17:00+0100 - 40.00 kB
2017-05-30 21:17:01.056+0000 INFO [o.n.k.i.DiagnosticsManager]   neostore.labeltokenstore.db: 2017-05-30T22:17:00+0100 - 0.00 B
2017-05-30 21:17:01.056+0000 INFO [o.n.k.i.DiagnosticsManager]   neostore.labeltokenstore.db.id: 2017-05-30T22:17:00+0100 - 9.00 B
2017-05-30 21:17:01.056+0000 INFO [o.n.k.i.DiagnosticsManager]   neostore.labeltokenstore.db.names: 2017-05-30T22:17:00+0100 - 8.00 kB
2017-05-30 21:17:01.056+0000 INFO [o.n.k.i.DiagnosticsManager]   neostore.labeltokenstore.db.names.id: 2017-05-30T22:17:00+0100 - 9.00 B
2017-05-30 21:17:01.056+0000 INFO [o.n.k.i.DiagnosticsManager]   neostore.nodestore.db: 2017-05-30T22:17:00+0100 - 0.00 B
2017-05-30 21:17:01.056+0000 INFO [o.n.k.i.DiagnosticsManager]   neostore.nodestore.db.id: 2017-05-30T22:17:00+0100 - 9.00 B
2017-05-30 21:17:01.057+0000 INFO [o.n.k.i.DiagnosticsManager]   neostore.nodestore.db.labels: 2017-05-30T22:17:00+0100 - 8.00 kB
2017-05-30 21:17:01.057+0000 INFO [o.n.k.i.DiagnosticsManager]   neostore.nodestore.db.labels.id: 2017-05-30T22:17:00+0100 - 9.00 B
2017-05-30 21:17:01.057+0000 INFO [o.n.k.i.DiagnosticsManager]   neostore.propertystore.db: 2017-05-30T22:17:00+0100 - 0.00 B
2017-05-30 21:17:01.057+0000 INFO [o.n.k.i.DiagnosticsManager]   neostore.propertystore.db.arrays: 2017-05-30T22:17:00+0100 - 8.00 kB
2017-05-30 21:17:01.057+0000 INFO [o.n.k.i.DiagnosticsManager]   neostore.propertystore.db.arrays.id: 2017-05-30T22:17:00+0100 - 9.00 B
2017-05-30 21:17:01.057+0000 INFO [o.n.k.i.DiagnosticsManager]   neostore.propertystore.db.id: 2017-05-30T22:17:00+0100 - 9.00 B
2017-05-30 21:17:01.057+0000 INFO [o.n.k.i.DiagnosticsManager]   neostore.propertystore.db.index: 2017-05-30T22:17:00+0100 - 0.00 B
2017-05-30 21:17:01.057+0000 INFO [o.n.k.i.DiagnosticsManager]   neostore.propertystore.db.index.id: 2017-05-30T22:17:00+0100 - 9.00 B
2017-05-30 21:17:01.058+0000 INFO [o.n.k.i.DiagnosticsManager]   neostore.propertystore.db.index.keys: 2017-05-30T22:17:00+0100 - 8.00 kB
2017-05-30 21:17:01.058+0000 INFO [o.n.k.i.DiagnosticsManager]   neostore.propertystore.db.index.keys.id: 2017-05-30T22:17:00+0100 - 9.00 B
2017-05-30 21:17:01.058+0000 INFO [o.n.k.i.DiagnosticsManager]   neostore.propertystore.db.strings: 2017-05-30T22:17:00+0100 - 8.00 kB
2017-05-30 21:17:01.058+0000 INFO [o.n.k.i.DiagnosticsManager]   neostore.propertystore.db.strings.id: 2017-05-30T22:17:00+0100 - 9.00 B
2017-05-30 21:17:01.058+0000 INFO [o.n.k.i.DiagnosticsManager]   neostore.relationshipgroupstore.db: 2017-05-30T22:17:00+0100 - 8.00 kB
2017-05-30 21:17:01.058+0000 INFO [o.n.k.i.DiagnosticsManager]   neostore.relationshipgroupstore.db.id: 2017-05-30T22:17:00+0100 - 9.00 B
2017-05-30 21:17:01.058+0000 INFO [o.n.k.i.DiagnosticsManager]   neostore.relationshipstore.db: 2017-05-30T22:17:00+0100 - 0.00 B
2017-05-30 21:17:01.058+0000 INFO [o.n.k.i.DiagnosticsManager]   neostore.relationshipstore.db.id: 2017-05-30T22:17:00+0100 - 9.00 B
2017-05-30 21:17:01.059+0000 INFO [o.n.k.i.DiagnosticsManager]   neostore.relationshiptypestore.db: 2017-05-30T22:17:00+0100 - 0.00 B
2017-05-30 21:17:01.059+0000 INFO [o.n.k.i.DiagnosticsManager]   neostore.relationshiptypestore.db.id: 2017-05-30T22:17:00+0100 - 9.00 B
2017-05-30 21:17:01.059+0000 INFO [o.n.k.i.DiagnosticsManager]   neostore.relationshiptypestore.db.names: 2017-05-30T22:17:00+0100 - 8.00 kB
2017-05-30 21:17:01.059+0000 INFO [o.n.k.i.DiagnosticsManager]   neostore.relationshiptypestore.db.names.id: 2017-05-30T22:17:00+0100 - 9.00 B
2017-05-30 21:17:01.059+0000 INFO [o.n.k.i.DiagnosticsManager]   neostore.schemastore.db: 2017-05-30T22:17:00+0100 - 8.00 kB
2017-05-30 21:17:01.059+0000 INFO [o.n.k.i.DiagnosticsManager]   neostore.schemastore.db.id: 2017-05-30T22:17:00+0100 - 9.00 B
2017-05-30 21:17:01.059+0000 INFO [o.n.k.i.DiagnosticsManager]   neostore.transaction.db.0: 2017-05-30T22:17:00+0100 - 16.00 B
2017-05-30 21:17:01.060+0000 INFO [o.n.k.i.DiagnosticsManager]   store_lock: 2017-05-30T22:16:59+0100 - 0.00 B
2017-05-30 21:17:01.060+0000 INFO [o.n.k.i.DiagnosticsManager] --- STARTED diagnostics for KernelDiagnostics:StoreFiles END ---
